<?xml version="1.0" encoding="UTF-8"?>
<coverage generated="1660072459890" clover="3.2.0">
  <project timestamp="1660072459891" name="All files">
    <metrics statements="2" coveredstatements="2" conditionals="0" coveredconditionals="0" methods="1" coveredmethods="1" elements="3" coveredelements="3" complexity="0" loc="2" ncloc="2" packages="1" files="1" classes="1"/>
    <file name="Footer.tsx" path="C:\Users\lucas\repos\projetos_bix\nftylabs\socialpass\frontend\eventportal\src\components\Footer.tsx">
      <metrics statements="2" coveredstatements="2" conditionals="0" coveredconditionals="0" methods="1" coveredmethods="1"/>
      <line num="1" count="1" type="stmt"/>
      <line num="2" count="1" type="stmt"/>
    </file>
  </project>
</coverage>
