{"C:\\Users\\lucas\\repos\\projetos_bix\\nftylabs\\socialpass\\frontend\\eventportal\\src\\components\\Footer.tsx": {"path":"C:\\Users\\lucas\\repos\\projetos_bix\\nftylabs\\socialpass\\frontend\\eventportal\\src\\components\\Footer.tsx","statementMap":{"0":{"start":{"line":1,"column":24},"end":{"line":1,"column":30}},"1":{"start":{"line":2,"column":2},"end":{"line":9,"column":null}}},"fnMap":{"0":{"name":"(anonymous_0)","decl":{"start":{"line":1,"column":24},"end":{"line":1,"column":30}},"loc":{"start":{"line":1,"column":24},"end":{"line":1,"column":30}}}},"branchMap":{},"s":{"0":1,"1":1},"f":{"0":2},"b":{}}
}
