TN:
SF:src\utils.ts
FN:1,get
FN:1,truncateAddress
FNF:2
FNH:0
FNDA:0,get
FNDA:0,truncateAddress
DA:1,1
DA:2,0
DA:3,0
DA:4,0
DA:5,0
LF:5
LH:1
BRF:0
BRH:0
end_of_record
TN:
SF:src\components\CheckoutFailedPage.tsx
FN:5,get
FN:5,CheckoutFailedPage
FNF:2
FNH:0
FNDA:0,get
FNDA:0,CheckoutFailedPage
DA:1,1
DA:2,1
DA:3,1
DA:4,1
DA:5,1
DA:6,0
DA:7,0
DA:8,0
DA:9,0
DA:10,0
DA:11,0
DA:12,0
DA:13,0
DA:14,0
DA:15,0
DA:16,0
DA:17,0
DA:18,0
DA:19,0
DA:20,0
DA:21,0
DA:22,0
DA:23,0
DA:24,0
DA:25,0
DA:26,0
DA:27,0
DA:28,0
DA:29,0
DA:30,0
DA:31,0
DA:32,0
DA:33,0
DA:34,0
DA:35,0
DA:36,0
DA:37,0
DA:38,0
DA:39,0
DA:40,0
DA:41,0
DA:42,0
DA:43,0
DA:44,0
DA:45,0
DA:46,0
DA:47,0
DA:48,0
DA:49,0
DA:50,0
DA:51,0
DA:52,0
DA:53,0
DA:54,0
DA:55,0
DA:56,0
DA:57,0
DA:58,0
DA:59,0
DA:60,0
DA:61,0
DA:62,0
DA:63,0
DA:64,0
DA:65,0
DA:66,0
DA:67,0
DA:68,0
DA:69,0
DA:70,0
DA:71,0
DA:72,0
DA:73,0
LF:73
LH:5
BRF:0
BRH:0
end_of_record
TN:
SF:src\components\CheckoutSuccessPage.tsx
FN:5,get
FN:5,CheckoutSuccessPage
FNF:2
FNH:0
FNDA:0,get
FNDA:0,CheckoutSuccessPage
DA:1,1
DA:2,1
DA:3,1
DA:4,1
DA:5,1
DA:6,0
DA:7,0
DA:8,0
DA:9,0
DA:10,0
DA:11,0
DA:12,0
DA:13,0
DA:14,0
DA:15,0
DA:16,0
DA:17,0
DA:18,0
DA:19,0
DA:20,0
DA:21,0
DA:22,0
DA:23,0
DA:24,0
DA:25,0
DA:26,0
DA:27,0
DA:28,0
DA:29,0
DA:30,0
DA:31,0
DA:32,0
DA:33,0
DA:34,0
DA:35,0
DA:36,0
DA:37,0
DA:38,0
DA:39,0
DA:40,0
DA:41,0
DA:42,0
DA:43,0
DA:44,0
DA:45,0
DA:46,0
DA:47,0
DA:48,0
DA:49,0
DA:50,0
DA:51,0
DA:52,0
DA:53,0
DA:54,0
DA:55,0
DA:56,0
DA:57,0
DA:58,0
DA:59,0
DA:60,0
DA:61,0
DA:62,0
DA:63,0
DA:64,0
DA:65,0
DA:66,0
DA:67,0
DA:68,0
DA:69,0
DA:70,0
DA:71,0
DA:72,0
DA:73,0
DA:74,0
DA:75,0
LF:75
LH:5
BRF:0
BRH:0
end_of_record
TN:
SF:src\components\EventNavbar.tsx
FN:5,get
FN:5,EventNavbar
FNF:2
FNH:0
FNDA:0,get
FNDA:0,EventNavbar
DA:1,1
DA:2,1
DA:3,1
DA:4,1
DA:5,1
DA:6,0
DA:7,0
DA:8,0
DA:9,0
DA:10,0
DA:11,0
DA:12,0
DA:13,0
DA:14,0
DA:15,0
DA:16,0
DA:17,0
DA:18,0
DA:19,0
DA:20,0
DA:21,0
DA:22,0
DA:23,0
DA:24,0
DA:25,0
DA:26,0
DA:27,0
DA:28,0
DA:29,0
DA:30,0
DA:31,0
DA:32,0
DA:33,0
DA:34,0
DA:35,0
DA:36,0
DA:37,0
DA:38,0
DA:39,0
DA:40,0
DA:41,0
DA:42,0
DA:43,0
DA:44,0
DA:45,0
DA:46,0
DA:47,0
DA:48,0
DA:49,0
LF:49
LH:5
BRF:0
BRH:0
end_of_record
TN:
SF:src\components\Footer.tsx
FN:1,get
FN:1,Footer
FNF:2
FNH:0
FNDA:0,get
FNDA:0,Footer
DA:1,1
DA:2,0
DA:3,0
DA:4,0
DA:5,0
DA:6,0
DA:7,0
DA:8,0
DA:9,0
DA:10,0
DA:11,0
LF:11
LH:1
BRF:0
BRH:0
end_of_record
TN:
SF:src\components\GeneralAdmissionFAQ.tsx
FN:57,get
FN:7,HoverableDiv
FN:15,HoverText
FN:38,GeneralAdmissionFAQHoverIcon
FNF:4
FNH:0
FNDA:0,get
FNDA:0,HoverableDiv
FNDA:0,HoverText
FNDA:0,GeneralAdmissionFAQHoverIcon
DA:1,1
DA:2,1
DA:3,1
DA:4,1
DA:5,1
DA:6,1
DA:7,1
DA:8,0
DA:9,0
DA:10,0
DA:11,0
DA:12,0
DA:13,0
DA:14,1
DA:15,1
DA:16,0
DA:17,0
DA:18,0
DA:19,0
DA:20,0
DA:21,0
DA:22,0
DA:23,0
DA:24,0
DA:25,0
DA:26,0
DA:27,0
DA:28,0
DA:29,0
DA:30,0
DA:31,0
DA:32,0
DA:33,0
DA:34,0
DA:35,0
DA:36,0
DA:37,1
DA:38,1
DA:39,0
DA:40,0
DA:41,0
DA:42,0
DA:43,0
DA:44,0
DA:45,0
DA:46,0
DA:47,0
DA:48,0
DA:49,0
DA:50,0
DA:51,0
DA:52,0
DA:53,0
DA:54,0
DA:55,0
DA:56,1
DA:57,1
DA:58,1
DA:59,1
DA:60,1
DA:61,1
DA:62,1
DA:63,1
DA:64,1
DA:65,1
DA:66,1
DA:67,1
DA:68,1
DA:69,1
DA:70,1
LF:70
LH:26
BRF:0
BRH:0
end_of_record
TN:
SF:src\components\Header.tsx
FN:7,get
FN:7,Header
FNF:2
FNH:0
FNDA:0,get
FNDA:0,Header
DA:1,1
DA:2,1
DA:3,1
DA:4,1
DA:5,1
DA:6,1
DA:7,1
DA:8,0
DA:9,0
DA:10,0
DA:11,0
DA:12,0
DA:13,0
DA:14,0
DA:15,0
DA:16,0
DA:17,0
DA:18,0
DA:19,0
DA:20,0
DA:21,0
DA:22,0
DA:23,0
DA:24,0
DA:25,0
DA:26,0
DA:27,0
DA:28,0
DA:29,0
DA:30,0
DA:31,0
DA:32,0
DA:33,0
DA:34,0
DA:35,0
DA:36,0
LF:36
LH:7
BRF:0
BRH:0
end_of_record
TN:
SF:src\components\LargeHeaderContents.tsx
FN:5,get
FN:5,LargeHeaderContents
FNF:2
FNH:0
FNDA:0,get
FNDA:0,LargeHeaderContents
DA:1,1
DA:2,1
DA:3,1
DA:4,1
DA:5,1
DA:6,0
DA:7,0
DA:8,0
DA:9,0
DA:10,0
DA:11,0
DA:12,0
DA:13,0
DA:14,0
DA:15,0
DA:16,0
DA:17,0
DA:18,0
DA:19,0
DA:20,0
DA:21,0
DA:22,0
DA:23,0
DA:24,0
DA:25,0
DA:26,0
DA:27,0
DA:28,0
DA:29,0
DA:30,0
DA:31,0
DA:32,0
DA:33,0
DA:34,0
DA:35,0
DA:36,0
DA:37,0
DA:38,0
DA:39,0
DA:40,0
LF:40
LH:5
BRF:0
BRH:0
end_of_record
TN:
SF:src\components\Loading.tsx
FN:4,get
FN:4,Loading
FNF:2
FNH:2
FNDA:2,get
FNDA:2,Loading
DA:1,1
DA:2,1
DA:3,1
DA:4,1
DA:5,2
DA:6,2
DA:7,2
DA:8,2
DA:9,2
DA:10,2
DA:11,2
DA:12,2
DA:13,2
DA:14,2
DA:15,2
DA:16,2
DA:17,2
DA:18,2
DA:19,2
DA:20,2
DA:21,2
DA:22,2
DA:23,2
DA:24,2
DA:25,2
DA:26,2
DA:27,1
DA:28,1
DA:29,1
DA:30,1
LF:30
LH:30
BRDA:4,0,0,2
BRDA:4,1,0,2
BRF:2
BRH:2
end_of_record
TN:
SF:src\components\SmallHeaderContents.tsx
FN:6,get
FN:6,SmallHeaderContents
FNF:2
FNH:0
FNDA:0,get
FNDA:0,SmallHeaderContents
DA:1,1
DA:2,1
DA:3,1
DA:4,1
DA:5,1
DA:6,1
DA:7,0
DA:8,0
DA:9,0
DA:10,0
DA:11,0
DA:12,0
DA:13,0
DA:14,0
DA:15,0
DA:16,0
DA:17,0
DA:18,0
DA:19,0
DA:20,0
DA:21,0
DA:22,0
DA:23,0
DA:24,0
DA:25,0
DA:26,0
DA:27,0
DA:28,0
DA:29,0
DA:30,0
DA:31,0
DA:32,0
DA:33,0
DA:34,0
DA:35,0
LF:35
LH:6
BRF:0
BRH:0
end_of_record
TN:
SF:src\components\StyledContainer.tsx
FN:10,get
FN:10,StyledContainer
FNF:2
FNH:0
FNDA:0,get
FNDA:0,StyledContainer
DA:1,1
DA:2,1
DA:3,1
DA:4,1
DA:5,1
DA:6,1
DA:7,1
DA:8,1
DA:9,1
DA:10,1
DA:11,0
DA:12,0
DA:13,0
DA:14,0
DA:15,0
DA:16,0
DA:17,0
DA:18,0
DA:19,0
DA:20,0
DA:21,0
DA:22,0
DA:23,0
DA:24,0
DA:25,0
DA:26,0
DA:27,0
DA:28,0
DA:29,0
LF:29
LH:10
BRF:0
BRH:0
end_of_record
TN:
SF:src\components\Web3ConnectorImage.tsx
FN:3,get
FN:3,Web3ConnectorImage
FNF:2
FNH:0
FNDA:0,get
FNDA:0,Web3ConnectorImage
DA:1,1
DA:2,1
DA:3,1
DA:4,0
DA:5,0
DA:6,0
DA:7,0
DA:8,0
DA:9,0
DA:10,0
DA:11,0
DA:12,0
DA:13,0
DA:14,0
DA:15,0
DA:16,0
DA:17,0
DA:18,0
DA:19,0
DA:20,0
DA:21,0
DA:22,0
DA:23,0
DA:24,0
DA:25,0
DA:26,0
DA:27,0
DA:28,0
DA:29,0
DA:30,0
DA:31,0
DA:32,0
LF:32
LH:3
BRF:0
BRH:0
end_of_record
TN:
SF:src\components\index.ts
FN:1,Loading
FN:2,StyledContainer
FN:3,Web3ConnectorImage
FNF:3
FNH:1
FNDA:2,Loading
FNDA:0,StyledContainer
FNDA:0,Web3ConnectorImage
DA:1,1
DA:2,1
DA:3,1
LF:3
LH:3
BRDA:1,0,0,2
BRF:1
BRH:1
end_of_record
TN:
SF:src\context\context.tsx
FN:7,CheckoutPortalContext
FN:11,EventPortalProvider
FN:11,EventPortalProvider
FN:33,EventPortalProvider.enabled
FN:53,fetchEvent
FNF:5
FNH:5
FNDA:18,CheckoutPortalContext
FNDA:1,EventPortalProvider
FNDA:6,EventPortalProvider
FNDA:2,EventPortalProvider.enabled
FNDA:2,fetchEvent
DA:1,1
DA:2,1
DA:3,1
DA:4,1
DA:5,1
DA:6,1
DA:7,1
DA:8,1
DA:9,1
DA:10,1
DA:11,1
DA:12,6
DA:13,6
DA:14,6
DA:15,6
DA:16,6
DA:17,6
DA:18,6
DA:19,6
DA:20,6
DA:21,6
DA:22,6
DA:23,6
DA:24,6
DA:25,6
DA:26,6
DA:27,6
DA:28,6
DA:29,6
DA:30,6
DA:31,6
DA:32,6
DA:33,6
DA:34,6
DA:35,6
DA:36,6
DA:37,6
DA:38,6
DA:39,6
DA:40,1
DA:41,6
DA:42,6
DA:43,6
DA:44,2
DA:45,0
DA:46,0
DA:47,6
DA:48,6
DA:49,6
DA:50,3
DA:51,6
DA:52,6
DA:53,6
DA:54,2
DA:55,2
DA:56,6
DA:57,6
DA:58,6
DA:59,6
DA:60,6
DA:61,6
DA:62,6
DA:63,6
DA:64,6
DA:65,6
DA:66,6
DA:67,6
DA:68,6
DA:69,6
DA:70,6
DA:71,6
DA:72,6
DA:73,6
DA:74,6
DA:75,6
DA:76,6
DA:77,6
DA:78,6
DA:79,6
DA:80,6
DA:81,6
DA:82,6
DA:83,6
DA:84,6
DA:85,6
DA:86,6
DA:87,6
DA:88,6
DA:89,6
DA:90,6
DA:91,6
DA:92,6
DA:93,6
DA:94,6
DA:95,6
DA:96,6
DA:97,6
DA:98,6
LF:98
LH:96
BRDA:7,0,0,18
BRDA:11,1,0,1
BRDA:11,2,0,6
BRDA:33,3,0,2
BRDA:39,4,0,1
BRDA:43,5,0,2
BRDA:44,6,0,0
BRDA:49,7,0,3
BRDA:53,8,0,2
BRF:9
BRH:8
end_of_record
TN:
SF:src\context\index.ts
FN:2,EventPortalProvider
FN:2,CheckoutPortalContext
FNF:2
FNH:2
FNDA:1,EventPortalProvider
FNDA:18,CheckoutPortalContext
DA:1,1
DA:2,1
LF:2
LH:2
BRDA:2,0,0,1
BRDA:2,1,0,18
BRF:2
BRH:2
end_of_record
TN:
SF:src\pages\CheckoutStatus.tsx
FN:6,get
FN:6,CheckoutStatus
FNF:2
FNH:0
FNDA:0,get
FNDA:0,CheckoutStatus
DA:1,1
DA:2,1
DA:3,1
DA:4,1
DA:5,1
DA:6,1
DA:7,0
DA:8,0
DA:9,0
DA:10,0
DA:11,0
DA:12,0
DA:13,0
DA:14,0
LF:14
LH:6
BRF:0
BRH:0
end_of_record
TN:
SF:src\pages\CheckoutWeb3.tsx
FN:12,get
FN:12,CheckoutWeb3
FN:36,ConnectWallet
FN:150,handleCheckout
FN:215,onClick
FN:227,onClick
FNF:6
FNH:2
FNDA:1,get
FNDA:3,CheckoutWeb3
FNDA:0,ConnectWallet
FNDA:0,handleCheckout
FNDA:0,onClick
FNDA:0,onClick
DA:1,1
DA:2,1
DA:3,1
DA:4,1
DA:5,1
DA:6,1
DA:7,1
DA:8,1
DA:9,1
DA:10,1
DA:11,1
DA:12,1
DA:13,3
DA:14,3
DA:15,3
DA:16,3
DA:17,3
DA:18,3
DA:19,3
DA:20,3
DA:21,3
DA:22,3
DA:23,3
DA:24,3
DA:25,3
DA:26,3
DA:27,3
DA:28,3
DA:29,3
DA:30,3
DA:31,3
DA:32,3
DA:33,3
DA:34,3
DA:35,3
DA:36,3
DA:37,0
DA:38,0
DA:39,0
DA:40,0
DA:41,0
DA:42,0
DA:43,0
DA:44,0
DA:45,0
DA:46,0
DA:47,0
DA:48,0
DA:49,0
DA:50,0
DA:51,0
DA:52,0
DA:53,0
DA:54,0
DA:55,0
DA:56,0
DA:57,0
DA:58,0
DA:59,0
DA:60,0
DA:61,0
DA:62,0
DA:63,0
DA:64,0
DA:65,0
DA:66,0
DA:67,0
DA:68,0
DA:69,0
DA:70,0
DA:71,0
DA:72,0
DA:73,0
DA:74,0
DA:75,0
DA:76,0
DA:77,0
DA:78,0
DA:79,0
DA:80,0
DA:81,0
DA:82,0
DA:83,0
DA:84,0
DA:85,0
DA:86,0
DA:87,0
DA:88,0
DA:89,0
DA:90,3
DA:91,3
DA:92,3
DA:93,0
DA:94,0
DA:95,0
DA:96,0
DA:97,0
DA:98,0
DA:99,0
DA:100,0
DA:101,0
DA:102,0
DA:103,0
DA:104,0
DA:105,0
DA:106,0
DA:107,0
DA:108,0
DA:109,3
DA:110,3
DA:111,3
DA:112,3
DA:113,3
DA:114,0
DA:115,0
DA:116,0
DA:117,0
DA:118,0
DA:119,0
DA:120,0
DA:121,0
DA:122,0
DA:123,0
DA:124,0
DA:125,0
DA:126,0
DA:127,0
DA:128,0
DA:129,0
DA:130,0
DA:131,0
DA:132,0
DA:133,0
DA:134,0
DA:135,0
DA:136,0
DA:137,0
DA:138,3
DA:139,3
DA:140,3
DA:141,3
DA:142,3
DA:143,0
DA:144,0
DA:145,0
DA:146,0
DA:147,0
DA:148,3
DA:149,3
DA:150,3
DA:151,0
DA:152,0
DA:153,0
DA:154,3
DA:155,3
DA:156,0
DA:157,0
DA:158,0
DA:159,0
DA:160,0
DA:161,0
DA:162,3
DA:163,3
DA:164,3
DA:165,3
DA:166,3
DA:167,3
DA:168,3
DA:169,3
DA:170,3
DA:171,3
DA:172,3
DA:173,3
DA:174,3
DA:175,3
DA:176,3
DA:177,3
DA:178,3
DA:179,3
DA:180,3
DA:181,3
DA:182,3
DA:183,3
DA:184,3
DA:185,3
DA:186,3
DA:187,3
DA:188,3
DA:189,3
DA:190,3
DA:191,3
DA:192,3
DA:193,0
DA:194,0
DA:195,0
DA:196,3
DA:197,3
DA:198,3
DA:199,3
DA:200,3
DA:201,3
DA:202,3
DA:203,3
DA:204,3
DA:205,3
DA:206,3
DA:207,3
DA:208,3
DA:209,3
DA:210,3
DA:211,3
DA:212,3
DA:213,3
DA:214,3
DA:215,3
DA:216,3
DA:217,3
DA:218,3
DA:219,3
DA:220,3
DA:221,3
DA:222,3
DA:223,3
DA:224,3
DA:225,3
DA:226,3
DA:227,3
DA:228,3
DA:229,3
DA:230,3
DA:231,3
DA:232,3
DA:233,3
DA:234,3
DA:235,3
DA:236,3
DA:237,3
DA:238,3
DA:239,3
LF:239
LH:129
BRDA:12,0,0,1
BRDA:12,1,0,3
BRDA:33,2,0,0
BRDA:155,3,0,0
BRDA:155,4,0,0
BRDA:163,5,0,0
BRDA:192,6,0,0
BRDA:199,7,0,0
BRF:8
BRH:2
end_of_record
TN:
SF:src\pages\Event.tsx
FN:5,get
FN:5,Event
FN:15,handleNavigate
FN:19,handleSelect
FNF:4
FNH:2
FNDA:4,get
FNDA:2,Event
FNDA:0,handleNavigate
FNDA:0,handleSelect
DA:1,1
DA:2,1
DA:3,1
DA:4,1
DA:5,1
DA:6,2
DA:7,2
DA:8,2
DA:9,2
DA:10,2
DA:11,2
DA:12,2
DA:13,2
DA:14,2
DA:15,2
DA:16,0
DA:17,0
DA:18,2
DA:19,2
DA:20,0
DA:21,0
DA:22,2
DA:23,2
DA:24,2
DA:25,2
DA:26,2
DA:27,2
DA:28,2
DA:29,2
DA:30,2
DA:31,2
DA:32,2
DA:33,2
DA:34,2
DA:35,2
DA:36,2
DA:37,2
DA:38,2
DA:39,2
DA:40,2
DA:41,2
DA:42,0
DA:43,0
DA:44,0
DA:45,0
DA:46,0
DA:47,0
DA:48,0
DA:49,0
DA:50,0
DA:51,0
DA:52,0
DA:53,0
DA:54,0
DA:55,0
DA:56,0
DA:57,0
DA:58,0
DA:59,2
DA:60,2
DA:61,2
DA:62,2
DA:63,2
DA:64,2
DA:65,2
DA:66,2
DA:67,2
DA:68,2
DA:69,2
DA:70,2
DA:71,2
DA:72,2
DA:73,2
DA:74,2
DA:75,2
DA:76,2
DA:77,2
DA:78,2
DA:79,2
DA:80,2
DA:81,2
DA:82,2
DA:83,2
DA:84,2
DA:85,2
DA:86,2
DA:87,0
DA:88,2
DA:89,2
DA:90,2
DA:91,2
DA:92,2
DA:93,2
DA:94,2
DA:95,2
DA:96,2
DA:97,2
DA:98,2
DA:99,2
DA:100,2
DA:101,2
DA:102,2
DA:103,2
DA:104,2
DA:105,2
DA:106,2
DA:107,2
DA:108,2
DA:109,2
DA:110,2
DA:111,2
DA:112,2
DA:113,2
DA:114,2
DA:115,2
DA:116,2
DA:117,2
DA:118,2
DA:119,2
DA:120,2
DA:121,2
DA:122,2
DA:123,2
DA:124,2
DA:125,2
DA:126,2
DA:127,2
LF:127
LH:105
BRDA:5,0,0,4
BRDA:5,1,0,2
BRDA:41,2,0,0
BRDA:86,3,0,0
BRDA:12,4,0,2
BRDA:106,5,0,2
BRF:6
BRH:4
end_of_record
TN:
SF:src\pages\Init.tsx
FN:7,get
FN:7,Init
FNF:2
FNH:0
FNDA:0,get
FNDA:0,Init
DA:1,1
DA:2,1
DA:3,1
DA:4,1
DA:5,1
DA:6,1
DA:7,1
DA:8,0
DA:9,0
DA:10,0
DA:11,0
DA:12,0
DA:13,0
DA:14,0
DA:15,0
DA:16,0
DA:17,0
DA:18,0
DA:19,0
DA:20,0
DA:21,0
DA:22,0
DA:23,0
DA:24,0
DA:25,0
DA:26,0
DA:27,0
DA:28,0
DA:29,0
DA:30,0
DA:31,0
DA:32,0
DA:33,0
DA:34,0
DA:35,0
DA:36,0
LF:36
LH:7
BRF:0
BRH:0
end_of_record
TN:
SF:src\pages\TicketSelection.tsx
FN:6,get
FN:6,TicketSelection
FNF:2
FNH:0
FNDA:0,get
FNDA:0,TicketSelection
DA:1,1
DA:2,1
DA:3,1
DA:4,1
DA:5,1
DA:6,1
DA:7,0
DA:8,0
DA:9,0
DA:10,0
DA:11,0
DA:12,0
DA:13,0
DA:14,0
DA:15,0
DA:16,0
DA:17,0
DA:18,0
DA:19,0
DA:20,0
DA:21,0
DA:22,0
DA:23,0
DA:24,0
DA:25,0
DA:26,0
DA:27,0
DA:28,0
DA:29,0
DA:30,0
DA:31,0
DA:32,0
DA:33,0
DA:34,0
DA:35,0
DA:36,0
DA:37,0
DA:38,0
DA:39,0
DA:40,0
DA:41,0
DA:42,0
DA:43,0
DA:44,0
DA:45,0
DA:46,0
DA:47,0
DA:48,0
DA:49,0
DA:50,0
DA:51,0
DA:52,0
DA:53,0
DA:54,0
DA:55,0
DA:56,0
DA:57,0
DA:58,0
DA:59,0
DA:60,0
DA:61,0
DA:62,0
DA:63,0
DA:64,0
DA:65,0
DA:66,0
DA:67,0
DA:68,0
DA:69,0
DA:70,0
DA:71,0
DA:72,0
DA:73,0
DA:74,0
DA:75,0
DA:76,0
DA:77,0
DA:78,0
DA:79,0
DA:80,0
DA:81,0
DA:82,0
DA:83,0
DA:84,0
DA:85,0
DA:86,0
DA:87,0
DA:88,0
DA:89,0
LF:89
LH:6
BRF:0
BRH:0
end_of_record
TN:
SF:src\pages\index.ts
FN:1,CheckoutStatus
FN:2,CheckoutWeb3
FN:3,Init
FN:4,Event
FN:5,TicketSelection
FNF:5
FNH:2
FNDA:0,CheckoutStatus
FNDA:1,CheckoutWeb3
FNDA:0,Init
FNDA:4,Event
FNDA:0,TicketSelection
DA:1,1
DA:2,1
DA:3,1
DA:4,1
DA:5,1
LF:5
LH:5
BRDA:2,0,0,1
BRDA:4,1,0,4
BRF:2
BRH:2
end_of_record
TN:
SF:src\static\brand-logos\SocialPass-Icon.svg
FN:1,Object.<anonymous>
FNF:1
FNH:1
FNDA:3,Object.<anonymous>
DA:1,3
DA:2,1
DA:3,1
DA:4,1
DA:5,1
DA:6,1
DA:7,1
DA:8,1
DA:9,1
DA:10,1
DA:11,1
DA:12,1
DA:13,1
DA:14,1
DA:15,1
DA:16,1
DA:17,1
DA:18,1
DA:19,1
DA:20,1
DA:21,1
DA:22,1
DA:23,1
DA:24,1
DA:25,1
DA:26,1
DA:27,1
DA:28,1
DA:29,1
DA:30,1
DA:31,1
DA:32,1
DA:33,1
DA:34,1
DA:35,1
DA:36,1
DA:37,1
DA:38,1
DA:39,1
DA:40,1
DA:41,1
DA:42,1
DA:43,1
DA:44,1
DA:45,1
DA:46,1
DA:47,1
DA:48,1
DA:49,1
DA:50,1
LF:50
LH:50
BRDA:1,0,0,3
BRDA:1,1,0,3
BRF:2
BRH:2
end_of_record
TN:
SF:src\static\images\icons\infoButton.svg
FN:1,Object.<anonymous>
FNF:1
FNH:1
FNDA:3,Object.<anonymous>
DA:1,1
DA:2,1
DA:3,1
DA:4,1
LF:4
LH:4
BRDA:1,0,0,3
BRDA:1,1,0,3
BRF:2
BRH:2
end_of_record
TN:
SF:src\utils\requiresEventHOC.tsx
FN:36,get
FN:6,RequiresEvent
FNF:2
FNH:2
FNDA:5,get
FNDA:11,RequiresEvent
DA:1,1
DA:2,1
DA:3,1
DA:4,1
DA:5,1
DA:6,11
DA:7,11
DA:8,11
DA:9,11
DA:10,11
DA:11,11
DA:12,9
DA:13,11
DA:14,11
DA:15,11
DA:16,5
DA:17,2
DA:18,2
DA:19,11
DA:20,11
DA:21,11
DA:22,4
DA:23,4
DA:24,11
DA:25,11
DA:26,2
DA:27,2
DA:28,4
DA:29,11
DA:30,1
DA:31,1
DA:32,7
DA:33,7
DA:34,7
DA:35,1
DA:36,1
LF:36
LH:36
BRDA:36,0,0,5
BRDA:6,1,0,11
BRDA:21,2,0,4
BRDA:25,3,0,8
BRDA:25,4,0,2
BRDA:28,5,0,4
BRDA:29,6,0,7
BRDA:29,7,0,1
BRDA:11,8,0,9
BRDA:15,9,0,5
BRDA:16,10,0,2
BRF:11
BRH:11
end_of_record
